{
  "RSpec": {
    "coverage": {
      "/Users/mitchashby16/3module/projects/instapic/spec/controllers/sessions_controller_spec.rb": [
        1,
        1,
        null,
        1,
        5,
        null,
        null,
        1,
        null,
        1,
        1,
        1,
        2,
        null,
        null,
        1,
        1,
        1,
        1,
        null,
        null,
        1,
        1,
        1,
        null,
        null,
        null,
        null,
        1,
        1,
        2,
        null,
        null,
        1,
        1,
        1,
        1,
        null,
        null,
        1,
        1,
        1,
        null,
        null,
        null,
        null
      ],
      "/Users/mitchashby16/3module/projects/instapic/spec/rails_helper.rb": [
        null,
        1,
        1,
        null,
        1,
        1,
        1,
        null,
        null,
        null,
        null,
        null,
        null,
        null,
        null,
        null,
        null,
        null,
        null,
        null,
        null,
        null,
        null,
        null,
        null,
        null,
        1,
        null,
        1,
        null,
        1,
        null,
        null,
        null,
        null,
        1,
        null,
        null,
        null,
        null,
        null,
        null,
        null,
        null,
        null,
        null,
        null,
        null,
        null,
        null,
        1,
        null
      ],
      "/Users/mitchashby16/3module/projects/instapic/app/helpers/application_helper.rb": [
        1,
        null
      ],
      "/Users/mitchashby16/3module/projects/instapic/app/helpers/sessions_helper.rb": [
        1,
        null
      ],
      "/Users/mitchashby16/3module/projects/instapic/app/helpers/users_helper.rb": [
        1,
        null
      ],
      "/Users/mitchashby16/3module/projects/instapic/app/helpers/welcome_helper.rb": [
        1,
        null
      ],
      "/Users/mitchashby16/3module/projects/instapic/app/controllers/sessions_controller.rb": [
        1,
        1,
        5,
        5,
        5,
        null,
        null,
        1,
        2,
        2,
        null,
        null,
        1,
        1,
        5,
        null,
        null
      ],
      "/Users/mitchashby16/3module/projects/instapic/spec/controllers/users_controller_spec.rb": [
        1,
        null,
        1,
        1,
        1,
        1,
        null,
        null
      ],
      "/Users/mitchashby16/3module/projects/instapic/app/controllers/users_controller.rb": [
        1,
        1,
        null,
        null
      ],
      "/Users/mitchashby16/3module/projects/instapic/spec/controllers/welcome_controller_spec.rb": [
        1,
        null,
        1,
        1,
        1,
        1,
        null,
        null
      ],
      "/Users/mitchashby16/3module/projects/instapic/app/controllers/welcome_controller.rb": [
        1,
        1,
        null,
        null
      ],
      "/Users/mitchashby16/3module/projects/instapic/spec/features/user_can_visit_homepage_spec.rb": [
        1,
        null,
        1,
        null,
        1,
        2,
        null,
        null,
        1,
        1,
        null,
        null,
        1,
        1,
        null,
        null
      ],
      "/Users/mitchashby16/3module/projects/instapic/spec/models/user_spec.rb": [
        1,
        null,
        1,
        null
      ],
      "/Users/mitchashby16/3module/projects/instapic/app/models/user.rb": [
        1,
        1,
        5,
        5,
        5,
        5,
        5,
        5,
        5,
        null,
        null
      ],
      "/Users/mitchashby16/3module/projects/instapic/spec/services/instagram_service_spec.rb": [
        1,
        1,
        null,
        1,
        1,
        1,
        1,
        null,
        null,
        1,
        1,
        1,
        null,
        null,
        null
      ]
    },
    "timestamp": 1441911136
  }
}
